{
    "level": "INFO",
    "message": "DATABASE_CONNECTION",
    "timestamp": "2025-02-07T09:40:17.405Z",
    "meta": {
        "CONNECTION_NAME": "TESTINGDOC"
    }
}
{
    "level": "INFO",
    "message": "RATE_LIMITER_INITIATED",
    "timestamp": "2025-02-07T09:40:17.411Z",
    "meta": {}
}
{
    "level": "INFO",
    "message": "APPLICATION_STARTED",
    "timestamp": "2025-02-07T09:40:17.412Z",
    "meta": {
        "PORT": "5000",
        "SERVER_URL": "http://localhost:5000"
    }
}
{
    "level": "INFO",
    "message": "DATABASE_CONNECTION",
    "timestamp": "2025-02-07T09:40:55.167Z",
    "meta": {
        "CONNECTION_NAME": "TESTINGDOC"
    }
}
{
    "level": "INFO",
    "message": "RATE_LIMITER_INITIATED",
    "timestamp": "2025-02-07T09:40:55.172Z",
    "meta": {}
}
{
    "level": "INFO",
    "message": "APPLICATION_STARTED",
    "timestamp": "2025-02-07T09:40:55.172Z",
    "meta": {
        "PORT": "5000",
        "SERVER_URL": "http://localhost:5000"
    }
}
{
    "level": "INFO",
    "message": "DATABASE_CONNECTION",
    "timestamp": "2025-02-07T09:41:49.109Z",
    "meta": {
        "CONNECTION_NAME": "TESTINGDOC"
    }
}
{
    "level": "INFO",
    "message": "RATE_LIMITER_INITIATED",
    "timestamp": "2025-02-07T09:41:49.115Z",
    "meta": {}
}
{
    "level": "INFO",
    "message": "APPLICATION_STARTED",
    "timestamp": "2025-02-07T09:41:49.116Z",
    "meta": {
        "PORT": "5000",
        "SERVER_URL": "http://localhost:5000"
    }
}
{
    "level": "INFO",
    "message": "DATABASE_CONNECTION",
    "timestamp": "2025-02-09T06:32:43.982Z",
    "meta": {
        "CONNECTION_NAME": "TESTINGDOC"
    }
}
{
    "level": "INFO",
    "message": "RATE_LIMITER_INITIATED",
    "timestamp": "2025-02-09T06:32:43.994Z",
    "meta": {}
}
{
    "level": "INFO",
    "message": "APPLICATION_STARTED",
    "timestamp": "2025-02-09T06:32:43.996Z",
    "meta": {
        "PORT": "5000",
        "SERVER_URL": "http://localhost:5000"
    }
}
{
    "level": "INFO",
    "message": "RATE_LIMITER_INITIATED",
    "timestamp": "2025-08-16T04:54:50.931Z",
    "meta": {}
}
{
    "level": "INFO",
    "message": "APPLICATION_STARTED",
    "timestamp": "2025-08-16T04:54:50.936Z",
    "meta": {
        "PORT": "5000",
        "SERVER_URL": "http://localhost:5000"
    }
}
{
    "level": "INFO",
    "message": "CONTROLLER_RESPONSE",
    "timestamp": "2025-08-16T05:01:03.810Z",
    "meta": {
        "success": true,
        "statusCode": 200,
        "request": {
            "ip": "::1",
            "method": "POST",
            "url": "/v1/auth/login"
        },
        "message": "The operation has been successful",
        "data": {
            "accessToken": "eyJhbGciOiJIUzI1NiIsInR5cCI6IkpXVCJ9.eyJ1c2VySWQiOiI2ODhkYTY0ZWM1YWQ5ZWZlNTIxYmQyYjYiLCJpYXQiOjE3NTUzMjA0NjMsImV4cCI6MTc1NTkyNTI2M30.s2CFhCCNKeUT6A9RqBMLL2tkI-z0YcgbHzS3XAhug8M"
        }
    }
}
{
    "level": "INFO",
    "message": "CONTROLLER_RESPONSE",
    "timestamp": "2025-08-16T05:01:32.721Z",
    "meta": {
        "success": true,
        "statusCode": 200,
        "request": {
            "ip": "::1",
            "method": "GET",
            "url": "/v1/connection/following"
        },
        "message": "Following fetched",
        "data": []
    }
}
{
    "level": "INFO",
    "message": "CONTROLLER_RESPONSE",
    "timestamp": "2025-08-16T05:01:39.092Z",
    "meta": {
        "success": true,
        "statusCode": 200,
        "request": {
            "ip": "::1",
            "method": "GET",
            "url": "/v1/connection/followers"
        },
        "message": "Followers fetched",
        "data": {
            "followers": [
                {
                    "id": "688e4151c5ad9efe521bd2c2",
                    "followingId": "688da64ec5ad9efe521bd2b6",
                    "status": "Accepted",
                    "followerId": "688e40a7c5ad9efe521bd2c0",
                    "follower": {
                        "username": "test_username",
                        "profilePic": "https://example.com/profile-pic.jpg",
                        "userId": "688e40a7c5ad9efe521bd2c0"
                    }
                }
            ],
            "pagination": {
                "currentPage": 1,
                "totalPages": 1,
                "totalCount": 1,
                "hasNext": false,
                "hasPrev": false,
                "limit": 10
            }
        }
    }
}
{
    "level": "INFO",
    "message": "RATE_LIMITER_INITIATED",
    "timestamp": "2025-08-16T05:03:49.118Z",
    "meta": {}
}
{
    "level": "INFO",
    "message": "APPLICATION_STARTED",
    "timestamp": "2025-08-16T05:03:49.122Z",
    "meta": {
        "PORT": "5000",
        "SERVER_URL": "http://localhost:5000"
    }
}
{
    "level": "INFO",
    "message": "CONTROLLER_RESPONSE",
    "timestamp": "2025-08-16T05:04:19.014Z",
    "meta": {
        "success": true,
        "statusCode": 200,
        "request": {
            "ip": "::1",
            "method": "POST",
            "url": "/v1/connection/follow/688e40a7c5ad9efe521bd2c0"
        },
        "message": "Follow request sent",
        "data": null
    }
}
{
    "level": "INFO",
    "message": "CONTROLLER_RESPONSE",
    "timestamp": "2025-08-16T05:05:13.088Z",
    "meta": {
        "success": true,
        "statusCode": 200,
        "request": {
            "ip": "::1",
            "method": "GET",
            "url": "/v1/connection/following"
        },
        "message": "Following fetched",
        "data": []
    }
}
{
    "level": "INFO",
    "message": "RATE_LIMITER_INITIATED",
    "timestamp": "2025-08-16T05:06:02.884Z",
    "meta": {}
}
{
    "level": "INFO",
    "message": "APPLICATION_STARTED",
    "timestamp": "2025-08-16T05:06:02.888Z",
    "meta": {
        "PORT": "5000",
        "SERVER_URL": "http://localhost:5000"
    }
}
{
    "level": "INFO",
    "message": "RATE_LIMITER_INITIATED",
    "timestamp": "2025-08-16T05:07:00.669Z",
    "meta": {}
}
{
    "level": "INFO",
    "message": "APPLICATION_STARTED",
    "timestamp": "2025-08-16T05:07:00.673Z",
    "meta": {
        "PORT": "5000",
        "SERVER_URL": "http://localhost:5000"
    }
}
{
    "level": "INFO",
    "message": "CONTROLLER_RESPONSE",
    "timestamp": "2025-08-16T05:07:04.803Z",
    "meta": {
        "success": true,
        "statusCode": 200,
        "request": {
            "ip": "::1",
            "method": "GET",
            "url": "/v1/connection/get-user-followers/688da64ec5ad9efe521bd2b6"
        },
        "message": "Followers fetched",
        "data": [
            {
                "id": "688e4151c5ad9efe521bd2c2",
                "followingId": "688da64ec5ad9efe521bd2b6",
                "status": "Accepted",
                "followerId": "688e40a7c5ad9efe521bd2c0",
                "follower": {
                    "username": "test_username",
                    "profilePic": "https://example.com/profile-pic.jpg",
                    "userId": "688e40a7c5ad9efe521bd2c0"
                }
            }
        ]
    }
}
{
    "level": "INFO",
    "message": "RATE_LIMITER_INITIATED",
    "timestamp": "2025-08-16T05:07:53.785Z",
    "meta": {}
}
{
    "level": "INFO",
    "message": "APPLICATION_STARTED",
    "timestamp": "2025-08-16T05:07:53.790Z",
    "meta": {
        "PORT": "5000",
        "SERVER_URL": "http://localhost:5000"
    }
}
{
    "level": "INFO",
    "message": "CONTROLLER_RESPONSE",
    "timestamp": "2025-08-16T05:08:05.636Z",
    "meta": {
        "success": true,
        "statusCode": 200,
        "request": {
            "ip": "::1",
            "method": "GET",
            "url": "/v1/connection/get-user-followers/688da64ec5ad9efe521bd2b6"
        },
        "message": "Followers fetched",
        "data": [
            {
                "follower": {
                    "username": "test_username",
                    "profilePic": "https://example.com/profile-pic.jpg",
                    "userId": "688e40a7c5ad9efe521bd2c0"
                }
            }
        ]
    }
}
{
    "level": "INFO",
    "message": "RATE_LIMITER_INITIATED",
    "timestamp": "2025-08-16T05:09:47.442Z",
    "meta": {}
}
{
    "level": "INFO",
    "message": "APPLICATION_STARTED",
    "timestamp": "2025-08-16T05:09:47.447Z",
    "meta": {
        "PORT": "5000",
        "SERVER_URL": "http://localhost:5000"
    }
}
{
    "level": "INFO",
    "message": "RATE_LIMITER_INITIATED",
    "timestamp": "2025-08-16T05:10:43.986Z",
    "meta": {}
}
{
    "level": "INFO",
    "message": "APPLICATION_STARTED",
    "timestamp": "2025-08-16T05:10:43.993Z",
    "meta": {
        "PORT": "5000",
        "SERVER_URL": "http://localhost:5000"
    }
}
{
    "level": "INFO",
    "message": "RATE_LIMITER_INITIATED",
    "timestamp": "2025-08-16T05:11:12.824Z",
    "meta": {}
}
{
    "level": "INFO",
    "message": "APPLICATION_STARTED",
    "timestamp": "2025-08-16T05:11:12.833Z",
    "meta": {
        "PORT": "5000",
        "SERVER_URL": "http://localhost:5000"
    }
}
{
    "level": "INFO",
    "message": "CONTROLLER_RESPONSE",
    "timestamp": "2025-08-16T05:11:25.761Z",
    "meta": {
        "success": true,
        "statusCode": 200,
        "request": {
            "ip": "::1",
            "method": "GET",
            "url": "/v1/connection/get-user-followers/688da64ec5ad9efe521bd2b6"
        },
        "message": "Followers fetched",
        "data": {
            "followers": [
                {
                    "follower": {
                        "username": "test_username",
                        "profilePic": "https://example.com/profile-pic.jpg",
                        "userId": "688e40a7c5ad9efe521bd2c0"
                    }
                }
            ],
            "pagination": {
                "currentPage": 1,
                "totalPages": 1,
                "totalCount": 1,
                "hasNext": false,
                "hasPrev": false,
                "limit": 10
            }
        }
    }
}
{
    "level": "INFO",
    "message": "CONTROLLER_RESPONSE",
    "timestamp": "2025-08-16T05:11:43.322Z",
    "meta": {
        "success": true,
        "statusCode": 200,
        "request": {
            "ip": "::1",
            "method": "GET",
            "url": "/v1/connection/get-user-following/688da64ec5ad9efe521bd2b6"
        },
        "message": "Following fetched",
        "data": {
            "following": [],
            "pagination": {
                "currentPage": 1,
                "totalPages": 0,
                "totalCount": 0,
                "hasNext": false,
                "hasPrev": false,
                "limit": 10
            }
        }
    }
}
{
    "level": "INFO",
    "message": "RATE_LIMITER_INITIATED",
    "timestamp": "2025-08-16T05:14:26.531Z",
    "meta": {}
}
{
    "level": "INFO",
    "message": "APPLICATION_STARTED",
    "timestamp": "2025-08-16T05:14:26.536Z",
    "meta": {
        "PORT": "5000",
        "SERVER_URL": "http://localhost:5000"
    }
}
{
    "level": "INFO",
    "message": "CONTROLLER_RESPONSE",
    "timestamp": "2025-08-16T05:14:32.512Z",
    "meta": {
        "success": true,
        "statusCode": 200,
        "request": {
            "ip": "::1",
            "method": "GET",
            "url": "/v1/connection/get-user-followers/688da64ec5ad9efe521bd2b6"
        },
        "message": "Followers fetched",
        "data": {
            "followers": [
                {
                    "follower": {
                        "username": "test_username",
                        "name": "John Doe",
                        "profilePic": "https://example.com/profile-pic.jpg",
                        "userId": "688e40a7c5ad9efe521bd2c0"
                    }
                }
            ],
            "pagination": {
                "currentPage": 1,
                "totalPages": 1,
                "totalCount": 1,
                "hasNext": false,
                "hasPrev": false,
                "limit": 10
            }
        }
    }
}
{
    "level": "INFO",
    "message": "CONTROLLER_RESPONSE",
    "timestamp": "2025-08-16T05:15:14.892Z",
    "meta": {
        "success": true,
        "statusCode": 200,
        "request": {
            "ip": "::1",
            "method": "GET",
            "url": "/v1/connection/following"
        },
        "message": "Following fetched",
        "data": {
            "following": [],
            "pagination": {
                "currentPage": 1,
                "totalPages": 0,
                "totalCount": 0,
                "hasNext": false,
                "hasPrev": false,
                "limit": 10
            }
        }
    }
}
{
    "level": "INFO",
    "message": "CONTROLLER_RESPONSE",
    "timestamp": "2025-08-16T05:15:20.081Z",
    "meta": {
        "success": true,
        "statusCode": 200,
        "request": {
            "ip": "::1",
            "method": "GET",
            "url": "/v1/connection/followers"
        },
        "message": "Followers fetched",
        "data": {
            "followers": [
                {
                    "follower": {
                        "username": "test_username",
                        "name": "John Doe",
                        "profilePic": "https://example.com/profile-pic.jpg",
                        "userId": "688e40a7c5ad9efe521bd2c0"
                    }
                }
            ],
            "pagination": {
                "currentPage": 1,
                "totalPages": 1,
                "totalCount": 1,
                "hasNext": false,
                "hasPrev": false,
                "limit": 10
            }
        }
    }
}
{
    "level": "INFO",
    "message": "CONTROLLER_RESPONSE",
    "timestamp": "2025-08-16T05:19:26.064Z",
    "meta": {
        "success": true,
        "statusCode": 200,
        "request": {
            "ip": "::1",
            "method": "GET",
            "url": "/v1/story/get"
        },
        "message": "The operation has been successful",
        "data": []
    }
}
{
    "level": "INFO",
    "message": "CONTROLLER_RESPONSE",
    "timestamp": "2025-08-16T05:21:45.090Z",
    "meta": {
        "success": true,
        "statusCode": 200,
        "request": {
            "ip": "::1",
            "method": "POST",
            "url": "/v1/auth/login"
        },
        "message": "The operation has been successful",
        "data": {
            "accessToken": "eyJhbGciOiJIUzI1NiIsInR5cCI6IkpXVCJ9.eyJ1c2VySWQiOiI2ODJmM2IwOGM1YWQ5ZWZlNTIxYmQyYTUiLCJpYXQiOjE3NTUzMjE3MDUsImV4cCI6MTc1NTkyNjUwNX0.iArgeRgCw5B2s0fvfbdy-Qk6b9pTB1bSGPbQwAO2Wtw"
        }
    }
}
{
    "level": "INFO",
    "message": "CONTROLLER_RESPONSE",
    "timestamp": "2025-08-16T05:22:03.961Z",
    "meta": {
        "success": true,
        "statusCode": 200,
        "request": {
            "ip": "::1",
            "method": "GET",
            "url": "/v1/profile/get-profile"
        },
        "message": "The operation has been successful",
        "data": {
            "email": "harsh2@gmail.com",
            "profile": {
                "id": "682f3b08c5ad9efe521bd2a6",
                "userId": "682f3b08c5ad9efe521bd2a5",
                "username": "Harsh",
                "name": "John Doe",
                "bio": "Full Stack Developer | Tech Enthusiast",
                "dateofBirth": "1995-08-15T00:00:00.000Z",
                "website": "https://johndoe.dev",
                "profilePic": "https://example.com/profile-pic.jpg",
                "address": null,
                "type": "Public",
                "createdAt": "2025-05-22T14:56:08.051Z",
                "updatedAt": "2025-06-17T13:27:22.608Z",
                "_count": {
                    "followers": 1,
                    "following": 1,
                    "totalViews": 0,
                    "totalLikes": 0
                }
            }
        }
    }
}
{
    "level": "INFO",
    "message": "CONTROLLER_RESPONSE",
    "timestamp": "2025-08-16T05:22:23.602Z",
    "meta": {
        "success": true,
        "statusCode": 200,
        "request": {
            "ip": "::1",
            "method": "GET",
            "url": "/v1/story/get"
        },
        "message": "The operation has been successful",
        "data": []
    }
}
{
    "level": "INFO",
    "message": "RATE_LIMITER_INITIATED",
    "timestamp": "2025-08-16T05:22:57.920Z",
    "meta": {}
}
{
    "level": "INFO",
    "message": "APPLICATION_STARTED",
    "timestamp": "2025-08-16T05:22:57.924Z",
    "meta": {
        "PORT": "5000",
        "SERVER_URL": "http://localhost:5000"
    }
}
{
    "level": "INFO",
    "message": "CONTROLLER_RESPONSE",
    "timestamp": "2025-08-16T05:23:01.604Z",
    "meta": {
        "success": true,
        "statusCode": 200,
        "request": {
            "ip": "::1",
            "method": "GET",
            "url": "/v1/story/get"
        },
        "message": "The operation has been successful",
        "data": [
            {
                "userId": "682f3b08c5ad9efe521bd2a5",
                "username": "Harsh",
                "profilePic": "https://example.com/profile-pic.jpg",
                "stories": []
            },
            {
                "userId": "683d40a9c5ad9efe521bd2a7",
                "username": "user2354",
                "profilePic": null,
                "stories": []
            }
        ]
    }
}
{
    "level": "INFO",
    "message": "RATE_LIMITER_INITIATED",
    "timestamp": "2025-08-16T05:29:42.142Z",
    "meta": {}
}
{
    "level": "INFO",
    "message": "APPLICATION_STARTED",
    "timestamp": "2025-08-16T05:29:42.148Z",
    "meta": {
        "PORT": "5000",
        "SERVER_URL": "http://localhost:5000"
    }
}
{
    "level": "INFO",
    "message": "RATE_LIMITER_INITIATED",
    "timestamp": "2025-08-16T05:29:53.226Z",
    "meta": {}
}
{
    "level": "INFO",
    "message": "APPLICATION_STARTED",
    "timestamp": "2025-08-16T05:29:53.234Z",
    "meta": {
        "PORT": "5000",
        "SERVER_URL": "http://localhost:5000"
    }
}
{
    "level": "INFO",
    "message": "CONTROLLER_RESPONSE",
    "timestamp": "2025-08-16T05:30:29.183Z",
    "meta": {
        "success": true,
        "statusCode": 200,
        "request": {
            "ip": "::1",
            "method": "GET",
            "url": "/v1/story/get"
        },
        "message": "The operation has been successful",
        "data": [
            {
                "userId": "682f3b08c5ad9efe521bd2a5",
                "username": "Harsh",
                "profilePic": "https://example.com/profile-pic.jpg",
                "stories": []
            },
            {
                "userId": "683d40a9c5ad9efe521bd2a7",
                "username": "user2354",
                "profilePic": null,
                "stories": []
            }
        ]
    }
}
{
    "level": "INFO",
    "message": "CONTROLLER_RESPONSE",
    "timestamp": "2025-08-16T05:30:37.777Z",
    "meta": {
        "success": true,
        "statusCode": 200,
        "request": {
            "ip": "::1",
            "method": "GET",
            "url": "/v1/story/get"
        },
        "message": "The operation has been successful",
        "data": [
            {
                "userId": "682f3b08c5ad9efe521bd2a5",
                "username": "Harsh",
                "profilePic": "https://example.com/profile-pic.jpg",
                "stories": []
            },
            {
                "userId": "683d40a9c5ad9efe521bd2a7",
                "username": "user2354",
                "profilePic": null,
                "stories": []
            }
        ]
    }
}
{
    "level": "INFO",
    "message": "RATE_LIMITER_INITIATED",
    "timestamp": "2025-08-16T05:30:53.260Z",
    "meta": {}
}
{
    "level": "INFO",
    "message": "APPLICATION_STARTED",
    "timestamp": "2025-08-16T05:30:53.265Z",
    "meta": {
        "PORT": "5000",
        "SERVER_URL": "http://localhost:5000"
    }
}
{
    "level": "INFO",
    "message": "CONTROLLER_RESPONSE",
    "timestamp": "2025-08-16T05:30:55.938Z",
    "meta": {
        "success": true,
        "statusCode": 200,
        "request": {
            "ip": "::1",
            "method": "GET",
            "url": "/v1/story/get"
        },
        "message": "The operation has been successful",
        "data": [
            {
                "userId": "682f3b08c5ad9efe521bd2a5",
                "username": "Harsh",
                "profilePic": "https://example.com/profile-pic.jpg",
                "stories": []
            },
            {
                "userId": "683d40a9c5ad9efe521bd2a7",
                "username": "user2354",
                "profilePic": null,
                "stories": []
            }
        ]
    }
}
{
    "level": "INFO",
    "message": "RATE_LIMITER_INITIATED",
    "timestamp": "2025-08-16T05:32:02.003Z",
    "meta": {}
}
{
    "level": "INFO",
    "message": "APPLICATION_STARTED",
    "timestamp": "2025-08-16T05:32:02.009Z",
    "meta": {
        "PORT": "5000",
        "SERVER_URL": "http://localhost:5000"
    }
}
{
    "level": "INFO",
    "message": "CONTROLLER_RESPONSE",
    "timestamp": "2025-08-16T05:32:19.199Z",
    "meta": {
        "success": true,
        "statusCode": 200,
        "request": {
            "ip": "::1",
            "method": "GET",
            "url": "/v1/story/get"
        },
        "message": "The operation has been successful",
        "data": {
            "stories": [],
            "pagination": {
                "currentPage": 1,
                "totalPages": 0,
                "totalCount": 0,
                "hasNext": false,
                "hasPrev": false,
                "limit": 20
            }
        }
    }
}
{
    "level": "INFO",
    "message": "CONTROLLER_RESPONSE",
    "timestamp": "2025-08-16T05:39:35.615Z",
    "meta": {
        "success": true,
        "statusCode": 200,
        "request": {
            "ip": "::1",
            "method": "POST",
            "url": "/v1/auth/login"
        },
        "message": "The operation has been successful",
        "data": {
            "accessToken": "eyJhbGciOiJIUzI1NiIsInR5cCI6IkpXVCJ9.eyJ1c2VySWQiOiI2ODhkYTY0ZWM1YWQ5ZWZlNTIxYmQyYjYiLCJpYXQiOjE3NTUzMjI3NzUsImV4cCI6MTc1NTkyNzU3NX0.NYHFGaL1s-VpdO2JjI4MLIRaPJ-9Uub9VhaoNk4696I"
        }
    }
}
{
    "level": "INFO",
    "message": "CONTROLLER_RESPONSE",
    "timestamp": "2025-08-16T05:39:54.127Z",
    "meta": {
        "success": true,
        "statusCode": 201,
        "request": {
            "ip": "::1",
            "method": "POST",
            "url": "/v1/story/create"
        },
        "message": "The operation has been successful",
        "data": null
    }
}
{
    "level": "INFO",
    "message": "CONTROLLER_RESPONSE",
    "timestamp": "2025-08-16T05:40:07.579Z",
    "meta": {
        "success": true,
        "statusCode": 200,
        "request": {
            "ip": "::1",
            "method": "POST",
            "url": "/v1/auth/login"
        },
        "message": "The operation has been successful",
        "data": {
            "accessToken": "eyJhbGciOiJIUzI1NiIsInR5cCI6IkpXVCJ9.eyJ1c2VySWQiOiI2ODhlNDBhN2M1YWQ5ZWZlNTIxYmQyYzAiLCJpYXQiOjE3NTUzMjI4MDcsImV4cCI6MTc1NTkyNzYwN30.qqA0-DB6o-gXpGk_c98F-ljHfGZu8DEOZpEj7qrkAik"
        }
    }
}
{
    "level": "INFO",
    "message": "CONTROLLER_RESPONSE",
    "timestamp": "2025-08-16T05:40:20.984Z",
    "meta": {
        "success": true,
        "statusCode": 200,
        "request": {
            "ip": "::1",
            "method": "GET",
            "url": "/v1/story/get"
        },
        "message": "The operation has been successful",
        "data": {
            "stories": [
                {
                    "userId": "688da64ec5ad9efe521bd2b6",
                    "username": "user1234",
                    "profilePic": null,
                    "stories": [
                        {
                            "id": "68a019a92b7a694cf3c249e8",
                            "userId": "688da64ec5ad9efe521bd2b6",
                            "mediaUrl": "https://ik.imagekit.io/abbsumfdi/uploads/Screenshot_from_2025-04-02_19-00-59_UeKXkPG4N.png",
                            "mediaType": "Image",
                            "createdAt": "2025-08-16T05:39:53.962Z",
                            "expiresAt": "2025-08-17T05:39:53.960Z"
                        }
                    ]
                }
            ],
            "pagination": {
                "currentPage": 1,
                "totalPages": 1,
                "totalCount": 1,
                "hasNext": false,
                "hasPrev": false,
                "limit": 20
            }
        }
    }
}
{
    "level": "INFO",
    "message": "CONTROLLER_RESPONSE",
    "timestamp": "2025-08-16T05:41:04.539Z",
    "meta": {
        "success": true,
        "statusCode": 200,
        "request": {
            "ip": "::1",
            "method": "GET",
            "url": "/v1/story/get"
        },
        "message": "The operation has been successful",
        "data": {
            "stories": [
                {
                    "userId": "688da64ec5ad9efe521bd2b6",
                    "username": "user1234",
                    "profilePic": null,
                    "stories": [
                        {
                            "id": "68a019a92b7a694cf3c249e8",
                            "userId": "688da64ec5ad9efe521bd2b6",
                            "mediaUrl": "https://ik.imagekit.io/abbsumfdi/uploads/Screenshot_from_2025-04-02_19-00-59_UeKXkPG4N.png",
                            "mediaType": "Image",
                            "createdAt": "2025-08-16T05:39:53.962Z",
                            "expiresAt": "2025-08-17T05:39:53.960Z"
                        }
                    ]
                }
            ],
            "pagination": {
                "currentPage": 1,
                "totalPages": 1,
                "totalCount": 1,
                "hasNext": false,
                "hasPrev": false,
                "limit": 20
            }
        }
    }
}
{
    "level": "INFO",
    "message": "RATE_LIMITER_INITIATED",
    "timestamp": "2025-08-16T05:41:50.008Z",
    "meta": {}
}
{
    "level": "INFO",
    "message": "APPLICATION_STARTED",
    "timestamp": "2025-08-16T05:41:50.013Z",
    "meta": {
        "PORT": "5000",
        "SERVER_URL": "http://localhost:5000"
    }
}
{
    "level": "INFO",
    "message": "RATE_LIMITER_INITIATED",
    "timestamp": "2025-08-16T06:12:02.469Z",
    "meta": {}
}
{
    "level": "INFO",
    "message": "APPLICATION_STARTED",
    "timestamp": "2025-08-16T06:12:02.477Z",
    "meta": {
        "PORT": "5000",
        "SERVER_URL": "http://localhost:5000"
    }
}
{
    "level": "INFO",
    "message": "RATE_LIMITER_INITIATED",
    "timestamp": "2025-08-16T06:23:51.947Z",
    "meta": {}
}
{
    "level": "INFO",
    "message": "APPLICATION_STARTED",
    "timestamp": "2025-08-16T06:23:51.952Z",
    "meta": {
        "PORT": "5000",
        "SERVER_URL": "http://localhost:5000"
    }
}
{
    "level": "INFO",
    "message": "RATE_LIMITER_INITIATED",
    "timestamp": "2025-08-16T06:24:09.638Z",
    "meta": {}
}
{
    "level": "INFO",
    "message": "APPLICATION_STARTED",
    "timestamp": "2025-08-16T06:24:09.644Z",
    "meta": {
        "PORT": "5000",
        "SERVER_URL": "http://localhost:5000"
    }
}
{
    "level": "INFO",
    "message": "RATE_LIMITER_INITIATED",
    "timestamp": "2025-08-16T06:25:02.535Z",
    "meta": {}
}
{
    "level": "INFO",
    "message": "APPLICATION_STARTED",
    "timestamp": "2025-08-16T06:25:02.539Z",
    "meta": {
        "PORT": "5000",
        "SERVER_URL": "http://localhost:5000"
    }
}
{
    "level": "INFO",
    "message": "CONTROLLER_RESPONSE",
    "timestamp": "2025-08-16T06:26:12.284Z",
    "meta": {
        "success": true,
        "statusCode": 200,
        "request": {
            "ip": "::1",
            "method": "GET",
            "url": "/v1/profile/get-content"
        },
        "message": "The operation has been successful",
        "data": {
            "content": [
                {
                    "id": "68516d4cc5ad9efe521bd2b0",
                    "userId": "682f3b08c5ad9efe521bd2a5",
                    "text": "hellocheck2",
                    "visibility": "Public",
                    "views": 0,
                    "shares": 0,
                    "createdAt": "2025-06-17T13:27:40.923Z",
                    "updatedAt": "2025-06-17T13:27:40.923Z",
                    "media": [
                        {
                            "id": "68516d4cc5ad9efe521bd2b1",
                            "postId": "68516d4cc5ad9efe521bd2b0",
                            "type": "Image",
                            "url": "https://ik.imagekit.io/abbsumfdi/uploads/Screenshot_from_2025-04-02_19-00-59_UeKXkPG4N.png",
                            "createdAt": "2025-06-17T13:27:40.923Z"
                        }
                    ],
                    "user": {
                        "username": "Harsh",
                        "profilePic": "https://example.com/profile-pic.jpg",
                        "userId": "682f3b08c5ad9efe521bd2a5"
                    },
                    "_count": {
                        "likes": 0,
                        "comments": 0
                    },
                    "contentType": "post"
                }
            ],
            "pagination": {
                "currentPage": 1,
                "totalPages": 1,
                "totalCount": 1,
                "hasNext": false,
                "hasPrev": false,
                "limit": 10
            }
        }
    }
}
{
    "level": "INFO",
    "message": "RATE_LIMITER_INITIATED",
    "timestamp": "2025-08-16T06:40:37.495Z",
    "meta": {}
}
{
    "level": "INFO",
    "message": "APPLICATION_STARTED",
    "timestamp": "2025-08-16T06:40:37.501Z",
    "meta": {
        "PORT": "5000",
        "SERVER_URL": "http://localhost:5000"
    }
}
{
    "level": "INFO",
    "message": "RATE_LIMITER_INITIATED",
    "timestamp": "2025-08-16T06:41:11.748Z",
    "meta": {}
}
{
    "level": "INFO",
    "message": "APPLICATION_STARTED",
    "timestamp": "2025-08-16T06:41:11.752Z",
    "meta": {
        "PORT": "5000",
        "SERVER_URL": "http://localhost:5000"
    }
}
{
    "level": "INFO",
    "message": "RATE_LIMITER_INITIATED",
    "timestamp": "2025-08-16T06:41:29.242Z",
    "meta": {}
}
{
    "level": "INFO",
    "message": "APPLICATION_STARTED",
    "timestamp": "2025-08-16T06:41:29.249Z",
    "meta": {
        "PORT": "5000",
        "SERVER_URL": "http://localhost:5000"
    }
}
{
    "level": "INFO",
    "message": "RATE_LIMITER_INITIATED",
    "timestamp": "2025-08-16T06:42:32.659Z",
    "meta": {}
}
{
    "level": "INFO",
    "message": "APPLICATION_STARTED",
    "timestamp": "2025-08-16T06:42:32.664Z",
    "meta": {
        "PORT": "5000",
        "SERVER_URL": "http://localhost:5000"
    }
}
{
    "level": "INFO",
    "message": "RATE_LIMITER_INITIATED",
    "timestamp": "2025-08-16T06:43:48.934Z",
    "meta": {}
}
{
    "level": "INFO",
    "message": "APPLICATION_STARTED",
    "timestamp": "2025-08-16T06:43:48.940Z",
    "meta": {
        "PORT": "5000",
        "SERVER_URL": "http://localhost:5000"
    }
}
{
    "level": "INFO",
    "message": "RATE_LIMITER_INITIATED",
    "timestamp": "2025-08-16T06:44:21.490Z",
    "meta": {}
}
{
    "level": "INFO",
    "message": "APPLICATION_STARTED",
    "timestamp": "2025-08-16T06:44:21.494Z",
    "meta": {
        "PORT": "5000",
        "SERVER_URL": "http://localhost:5000"
    }
}
{
    "level": "INFO",
    "message": "RATE_LIMITER_INITIATED",
    "timestamp": "2025-08-16T06:45:07.179Z",
    "meta": {}
}
{
    "level": "INFO",
    "message": "APPLICATION_STARTED",
    "timestamp": "2025-08-16T06:45:07.184Z",
    "meta": {
        "PORT": "5000",
        "SERVER_URL": "http://localhost:5000"
    }
}
{
    "level": "INFO",
    "message": "RATE_LIMITER_INITIATED",
    "timestamp": "2025-08-16T06:46:48.761Z",
    "meta": {}
}
{
    "level": "INFO",
    "message": "APPLICATION_STARTED",
    "timestamp": "2025-08-16T06:46:48.765Z",
    "meta": {
        "PORT": "5000",
        "SERVER_URL": "http://localhost:5000"
    }
}
{
    "level": "INFO",
    "message": "RATE_LIMITER_INITIATED",
    "timestamp": "2025-08-16T06:48:06.113Z",
    "meta": {}
}
{
    "level": "INFO",
    "message": "APPLICATION_STARTED",
    "timestamp": "2025-08-16T06:48:06.118Z",
    "meta": {
        "PORT": "5000",
        "SERVER_URL": "http://localhost:5000"
    }
}
{
    "level": "INFO",
    "message": "RATE_LIMITER_INITIATED",
    "timestamp": "2025-08-16T06:49:09.159Z",
    "meta": {}
}
{
    "level": "INFO",
    "message": "APPLICATION_STARTED",
    "timestamp": "2025-08-16T06:49:09.163Z",
    "meta": {
        "PORT": "5000",
        "SERVER_URL": "http://localhost:5000"
    }
}
{
    "level": "INFO",
    "message": "CONTROLLER_RESPONSE",
    "timestamp": "2025-08-16T06:50:03.546Z",
    "meta": {
        "success": true,
        "statusCode": 200,
        "request": {
            "ip": "::1",
            "method": "GET",
            "url": "/v1/post/get-user-posts"
        },
        "message": "The operation has been successful",
        "data": {
            "post": [
                {
                    "id": "68516d4cc5ad9efe521bd2b0",
                    "userId": "682f3b08c5ad9efe521bd2a5",
                    "text": "hellocheck2",
                    "visibility": "Public",
                    "views": 0,
                    "shares": 0,
                    "createdAt": "2025-06-17T13:27:40.923Z",
                    "updatedAt": "2025-06-17T13:27:40.923Z",
                    "media": [
                        {
                            "id": "68516d4cc5ad9efe521bd2b1",
                            "postId": "68516d4cc5ad9efe521bd2b0",
                            "type": "Image",
                            "url": "https://ik.imagekit.io/abbsumfdi/uploads/Screenshot_from_2025-04-02_19-00-59_UeKXkPG4N.png",
                            "createdAt": "2025-06-17T13:27:40.923Z"
                        }
                    ],
                    "user": {
                        "username": "Harsh",
                        "profilePic": "https://example.com/profile-pic.jpg",
                        "userId": "682f3b08c5ad9efe521bd2a5"
                    },
                    "_count": {
                        "likes": 0,
                        "comments": 0
                    }
                }
            ],
            "pagination": {
                "currentPage": 1,
                "totalPages": 1,
                "totalCount": 1,
                "hasNext": false,
                "hasPrev": false,
                "limit": 20
            }
        }
    }
}
{
    "level": "INFO",
    "message": "CONTROLLER_RESPONSE",
    "timestamp": "2025-08-16T06:51:22.385Z",
    "meta": {
        "success": true,
        "statusCode": 200,
        "request": {
            "ip": "::1",
            "method": "GET",
            "url": "/v1/clip/get-user-clips"
        },
        "message": "The operation has been successful",
        "data": {
            "clips": [],
            "pagination": {
                "currentPage": 1,
                "totalPages": 0,
                "totalCount": 0,
                "hasNext": false,
                "hasPrev": false,
                "limit": 20
            }
        }
    }
}
{
    "level": "INFO",
    "message": "CONTROLLER_RESPONSE",
    "timestamp": "2025-08-16T06:52:03.945Z",
    "meta": {
        "success": true,
        "statusCode": 200,
        "request": {
            "ip": "::1",
            "method": "GET",
            "url": "/v1/post/get-user-text-posts"
        },
        "message": "The operation has been successful",
        "data": {
            "posts": [],
            "pagination": {
                "currentPage": 1,
                "totalPages": 0,
                "totalCount": 0,
                "hasNext": false,
                "hasPrev": false,
                "limit": 20
            }
        }
    }
}
{
    "level": "INFO",
    "message": "RATE_LIMITER_INITIATED",
    "timestamp": "2025-08-16T17:31:02.832Z",
    "meta": {}
}
{
    "level": "INFO",
    "message": "APPLICATION_STARTED",
    "timestamp": "2025-08-16T17:31:02.837Z",
    "meta": {
        "PORT": "5000",
        "SERVER_URL": "http://localhost:5000"
    }
}
{
    "level": "INFO",
    "message": "CONTROLLER_RESPONSE",
    "timestamp": "2025-08-16T17:31:15.679Z",
    "meta": {
        "success": true,
        "statusCode": 200,
        "request": {
            "ip": "::1",
            "method": "GET",
            "url": "/v1/post/get-user-posts"
        },
        "message": "The operation has been successful",
        "data": {
            "post": [
                {
                    "id": "68a0b49ec1cf6d4b5f435134",
                    "userId": "682f3b08c5ad9efe521bd2a5",
                    "text": "hellocheck",
                    "visibility": "Public",
                    "views": 0,
                    "shares": 0,
                    "createdAt": "2025-08-16T16:41:02.489Z",
                    "updatedAt": "2025-08-16T16:41:02.489Z",
                    "media": [
                        {
                            "id": "68a0b49ec1cf6d4b5f435135",
                            "postId": "68a0b49ec1cf6d4b5f435134",
                            "type": "Image",
                            "url": "https://ik.imagekit.io/abbsumfdi/uploads/Screenshot_from_2025-04-02_19-00-59_UeKXkPG4N.png",
                            "createdAt": "2025-08-16T16:41:02.489Z"
                        }
                    ],
                    "user": {
                        "username": "Harsh",
                        "profilePic": "https://example.com/profile-pic.jpg",
                        "userId": "682f3b08c5ad9efe521bd2a5"
                    },
                    "_count": {
                        "likes": 0,
                        "comments": 0
                    }
                },
                {
                    "id": "68a067e3c1cf6d4b5f43512c",
                    "userId": "682f3b08c5ad9efe521bd2a5",
                    "text": "hellocheck",
                    "visibility": "Public",
                    "views": 0,
                    "shares": 0,
                    "createdAt": "2025-08-16T11:13:39.519Z",
                    "updatedAt": "2025-08-16T11:13:39.519Z",
                    "media": [
                        {
                            "id": "68a067e3c1cf6d4b5f43512d",
                            "postId": "68a067e3c1cf6d4b5f43512c",
                            "type": "Image",
                            "url": "https://ik.imagekit.io/abbsumfdi/uploads/Screenshot_from_2025-04-02_19-00-59_UeKXkPG4N.png",
                            "createdAt": "2025-08-16T11:13:39.519Z"
                        }
                    ],
                    "user": {
                        "username": "Harsh",
                        "profilePic": "https://example.com/profile-pic.jpg",
                        "userId": "682f3b08c5ad9efe521bd2a5"
                    },
                    "_count": {
                        "likes": 0,
                        "comments": 0
                    }
                },
                {
                    "id": "68516d4cc5ad9efe521bd2b0",
                    "userId": "682f3b08c5ad9efe521bd2a5",
                    "text": "hellocheck2",
                    "visibility": "Public",
                    "views": 0,
                    "shares": 0,
                    "createdAt": "2025-06-17T13:27:40.923Z",
                    "updatedAt": "2025-06-17T13:27:40.923Z",
                    "media": [
                        {
                            "id": "68516d4cc5ad9efe521bd2b1",
                            "postId": "68516d4cc5ad9efe521bd2b0",
                            "type": "Image",
                            "url": "https://ik.imagekit.io/abbsumfdi/uploads/Screenshot_from_2025-04-02_19-00-59_UeKXkPG4N.png",
                            "createdAt": "2025-06-17T13:27:40.923Z"
                        }
                    ],
                    "user": {
                        "username": "Harsh",
                        "profilePic": "https://example.com/profile-pic.jpg",
                        "userId": "682f3b08c5ad9efe521bd2a5"
                    },
                    "_count": {
                        "likes": 0,
                        "comments": 0
                    }
                }
            ],
            "pagination": {
                "currentPage": 1,
                "totalPages": 1,
                "totalCount": 3,
                "hasNext": false,
                "hasPrev": false,
                "limit": 20
            }
        }
    }
}
{
    "level": "INFO",
    "message": "RATE_LIMITER_INITIATED",
    "timestamp": "2025-08-16T17:32:22.652Z",
    "meta": {}
}
{
    "level": "INFO",
    "message": "APPLICATION_STARTED",
    "timestamp": "2025-08-16T17:32:22.656Z",
    "meta": {
        "PORT": "5000",
        "SERVER_URL": "http://localhost:5000"
    }
}
{
    "level": "INFO",
    "message": "CONTROLLER_RESPONSE",
    "timestamp": "2025-08-16T17:32:29.957Z",
    "meta": {
        "success": true,
        "statusCode": 201,
        "request": {
            "ip": "::1",
            "method": "POST",
            "url": "/v1/post/create"
        },
        "message": "The operation has been successful",
        "data": null
    }
}
{
    "level": "INFO",
    "message": "CONTROLLER_RESPONSE",
    "timestamp": "2025-08-16T17:32:38.572Z",
    "meta": {
        "success": true,
        "statusCode": 200,
        "request": {
            "ip": "::1",
            "method": "GET",
            "url": "/v1/post/get-user-text-posts"
        },
        "message": "The operation has been successful",
        "data": {
            "posts": [
                {
                    "id": "68a0c0ad70d922e8950ac2a0",
                    "userId": "682f3b08c5ad9efe521bd2a5",
                    "text": "hellocheck",
                    "visibility": "Public",
                    "views": 0,
                    "shares": 0,
                    "createdAt": "2025-08-16T17:32:29.815Z",
                    "updatedAt": "2025-08-16T17:32:29.815Z",
                    "media": [],
                    "user": {
                        "username": "Harsh",
                        "profilePic": "https://example.com/profile-pic.jpg",
                        "userId": "682f3b08c5ad9efe521bd2a5"
                    },
                    "_count": {
                        "likes": 0,
                        "comments": 0
                    }
                }
            ],
            "pagination": {
                "currentPage": 1,
                "totalPages": 1,
                "totalCount": 1,
                "hasNext": false,
                "hasPrev": false,
                "limit": 20
            }
        }
    }
}
{
    "level": "INFO",
    "message": "RATE_LIMITER_INITIATED",
    "timestamp": "2025-08-16T17:34:00.843Z",
    "meta": {}
}
{
    "level": "INFO",
    "message": "APPLICATION_STARTED",
    "timestamp": "2025-08-16T17:34:00.847Z",
    "meta": {
        "PORT": "5000",
        "SERVER_URL": "http://localhost:5000"
    }
}
{
    "level": "INFO",
    "message": "CONTROLLER_RESPONSE",
    "timestamp": "2025-08-16T17:34:05.060Z",
    "meta": {
        "success": true,
        "statusCode": 200,
        "request": {
            "ip": "::1",
            "method": "GET",
            "url": "/v1/post/get-user-text-posts"
        },
        "message": "The operation has been successful",
        "data": {
            "posts": [
                {
                    "id": "68a0c0ad70d922e8950ac2a0",
                    "userId": "682f3b08c5ad9efe521bd2a5",
                    "text": "hellocheck",
                    "visibility": "Public",
                    "views": 0,
                    "shares": 0,
                    "createdAt": "2025-08-16T17:32:29.815Z",
                    "updatedAt": "2025-08-16T17:32:29.815Z",
                    "user": {
                        "username": "Harsh",
                        "profilePic": "https://example.com/profile-pic.jpg",
                        "userId": "682f3b08c5ad9efe521bd2a5"
                    },
                    "_count": {
                        "likes": 0,
                        "comments": 0
                    }
                }
            ],
            "pagination": {
                "currentPage": 1,
                "totalPages": 1,
                "totalCount": 1,
                "hasNext": false,
                "hasPrev": false,
                "limit": 20
            }
        }
    }
}
{
    "level": "INFO",
    "message": "RATE_LIMITER_INITIATED",
    "timestamp": "2025-08-25T11:00:12.189Z",
    "meta": {}
}
{
    "level": "INFO",
    "message": "APPLICATION_STARTED",
    "timestamp": "2025-08-25T11:00:12.191Z",
    "meta": {
        "PORT": "5000",
        "SERVER_URL": "http://localhost:5000"
    }
}
{
    "level": "INFO",
    "message": "RATE_LIMITER_INITIATED",
    "timestamp": "2025-08-25T11:03:44.313Z",
    "meta": {}
}
{
    "level": "INFO",
    "message": "APPLICATION_STARTED",
    "timestamp": "2025-08-25T11:03:44.315Z",
    "meta": {
        "PORT": "5000",
        "SERVER_URL": "http://localhost:5000"
    }
}
{
    "level": "INFO",
    "message": "RATE_LIMITER_INITIATED",
    "timestamp": "2025-08-25T11:04:38.001Z",
    "meta": {}
}
{
    "level": "INFO",
    "message": "APPLICATION_STARTED",
    "timestamp": "2025-08-25T11:04:38.003Z",
    "meta": {
        "PORT": "5000",
        "SERVER_URL": "http://localhost:5000"
    }
}
{
    "level": "INFO",
    "message": "RATE_LIMITER_INITIATED",
    "timestamp": "2025-08-25T11:11:40.576Z",
    "meta": {}
}
{
    "level": "INFO",
    "message": "APPLICATION_STARTED",
    "timestamp": "2025-08-25T11:11:40.579Z",
    "meta": {
        "PORT": "5000",
        "SERVER_URL": "http://localhost:5000"
    }
}
{
    "level": "INFO",
    "message": "CONTROLLER_RESPONSE",
    "timestamp": "2025-08-25T11:15:07.355Z",
    "meta": {
        "success": true,
        "statusCode": 200,
        "request": {
            "ip": "::1",
            "method": "POST",
            "url": "/v1/saved/toggle"
        },
        "message": "Saved successfully",
        "data": null
    }
}
{
    "level": "INFO",
    "message": "CONTROLLER_RESPONSE",
    "timestamp": "2025-08-25T11:15:09.496Z",
    "meta": {
        "success": true,
        "statusCode": 200,
        "request": {
            "ip": "::1",
            "method": "POST",
            "url": "/v1/saved/toggle"
        },
        "message": "Removed from saved",
        "data": null
    }
}
{
    "level": "INFO",
    "message": "CONTROLLER_RESPONSE",
    "timestamp": "2025-08-25T11:15:11.353Z",
    "meta": {
        "success": true,
        "statusCode": 200,
        "request": {
            "ip": "::1",
            "method": "POST",
            "url": "/v1/saved/toggle"
        },
        "message": "Saved successfully",
        "data": null
    }
}
{
    "level": "INFO",
    "message": "CONTROLLER_RESPONSE",
    "timestamp": "2025-08-25T11:17:12.812Z",
    "meta": {
        "success": true,
        "statusCode": 200,
        "request": {
            "ip": "::1",
            "method": "GET",
            "url": "/v1/feed/clipsFeeds/2"
        },
        "message": "The operation has been successful",
        "data": []
    }
}
{
    "level": "INFO",
    "message": "RATE_LIMITER_INITIATED",
    "timestamp": "2025-08-25T11:22:02.034Z",
    "meta": {}
}
{
    "level": "INFO",
    "message": "APPLICATION_STARTED",
    "timestamp": "2025-08-25T11:22:02.036Z",
    "meta": {
        "PORT": "5000",
        "SERVER_URL": "http://localhost:5000"
    }
}
{
    "level": "INFO",
    "message": "RATE_LIMITER_INITIATED",
    "timestamp": "2025-08-25T11:33:22.312Z",
    "meta": {}
}
{
    "level": "INFO",
    "message": "APPLICATION_STARTED",
    "timestamp": "2025-08-25T11:33:22.314Z",
    "meta": {
        "PORT": "5000",
        "SERVER_URL": "http://localhost:5000"
    }
}
{
    "level": "INFO",
    "message": "CONTROLLER_RESPONSE",
    "timestamp": "2025-08-25T11:33:42.658Z",
    "meta": {
        "success": true,
        "statusCode": 200,
        "request": {
            "ip": "::1",
            "method": "GET",
            "url": "/v1/feed/clipsFeeds/2"
        },
        "message": "The operation has been successful",
        "data": []
    }
}
{
    "level": "INFO",
    "message": "CONTROLLER_RESPONSE",
    "timestamp": "2025-08-25T11:33:49.594Z",
    "meta": {
        "success": true,
        "statusCode": 200,
        "request": {
            "ip": "::1",
            "method": "GET",
            "url": "/v1/feed/clipsFeeds/1"
        },
        "message": "The operation has been successful",
        "data": [
            {
                "id": "68a4be6fd455c16db5e382e6",
                "userId": "682f3b08c5ad9efe521bd2a5",
                "visibility": "Public",
                "video": "https://ik.imagekit.io/abbsumfdi/uploads/Screencast_from_2025-03-03_12-04-44_9K8P2AACc.mp4",
                "text": "hello Clip",
                "views": 0,
                "shares": 0,
                "createdAt": "2025-08-19T18:11:59.127Z",
                "updatedAt": "2025-08-19T18:11:59.127Z",
                "user": {
                    "userId": "682f3b08c5ad9efe521bd2a5",
                    "username": "Harsh",
                    "profilePic": "https://example.com/profile-pic.jpg"
                },
                "_count": {
                    "likes": 1,
                    "comments": 0
                },
                "likes": [],
                "savedBy": []
            },
            {
                "id": "68a48784d455c16db5e382da",
                "userId": "682f3b08c5ad9efe521bd2a5",
                "visibility": "Public",
                "video": "https://ik.imagekit.io/abbsumfdi/uploads/Screencast_from_2025-03-03_12-04-44_9K8P2AACc.mp4",
                "text": "hello Clip",
                "views": 0,
                "shares": 0,
                "createdAt": "2025-08-19T14:17:40.090Z",
                "updatedAt": "2025-08-19T14:17:40.090Z",
                "user": {
                    "userId": "682f3b08c5ad9efe521bd2a5",
                    "username": "Harsh",
                    "profilePic": "https://example.com/profile-pic.jpg"
                },
                "_count": {
                    "likes": 0,
                    "comments": 0
                },
                "likes": [],
                "savedBy": []
            },
            {
                "id": "68a067ecc1cf6d4b5f43512e",
                "userId": "682f3b08c5ad9efe521bd2a5",
                "visibility": "Public",
                "video": "https://ik.imagekit.io/abbsumfdi/uploads/Screencast_from_2025-03-03_12-04-44_9K8P2AACc.mp4",
                "text": "hello Clip",
                "views": 0,
                "shares": 0,
                "createdAt": "2025-08-16T11:13:48.008Z",
                "updatedAt": "2025-08-16T11:13:48.008Z",
                "user": {
                    "userId": "682f3b08c5ad9efe521bd2a5",
                    "username": "Harsh",
                    "profilePic": "https://example.com/profile-pic.jpg"
                },
                "_count": {
                    "likes": 0,
                    "comments": 0
                },
                "likes": [],
                "savedBy": []
            },
            {
                "id": "68a067a4c1cf6d4b5f43512b",
                "userId": "682f3b08c5ad9efe521bd2a5",
                "visibility": "Public",
                "video": "https://ik.imagekit.io/abbsumfdi/uploads/Screencast_from_2025-03-03_12-04-44_9K8P2AACc.mp4",
                "text": "Test Clip",
                "views": 0,
                "shares": 0,
                "createdAt": "2025-08-16T11:12:36.013Z",
                "updatedAt": "2025-08-16T11:12:36.013Z",
                "user": {
                    "userId": "682f3b08c5ad9efe521bd2a5",
                    "username": "Harsh",
                    "profilePic": "https://example.com/profile-pic.jpg"
                },
                "_count": {
                    "likes": 0,
                    "comments": 0
                },
                "likes": [],
                "savedBy": []
            },
            {
                "id": "68a04438c1cf6d4b5f43512a",
                "userId": "682f3b08c5ad9efe521bd2a5",
                "visibility": "Public",
                "video": "https://ik.imagekit.io/abbsumfdi/uploads/Screencast_from_2025-03-03_12-04-44_9K8P2AACc.mp4",
                "text": "Test Clip",
                "views": 0,
                "shares": 0,
                "createdAt": "2025-08-16T08:41:28.414Z",
                "updatedAt": "2025-08-16T08:41:28.414Z",
                "user": {
                    "userId": "682f3b08c5ad9efe521bd2a5",
                    "username": "Harsh",
                    "profilePic": "https://example.com/profile-pic.jpg"
                },
                "_count": {
                    "likes": 0,
                    "comments": 0
                },
                "likes": [],
                "savedBy": []
            },
            {
                "id": "688def63c5ad9efe521bd2bd",
                "userId": "688da64ec5ad9efe521bd2b6",
                "visibility": "Public",
                "video": "https://ik.imagekit.io/abbsumfdi/uploads/Screencast_from_2025-03-03_12-04-44_9K8P2AACc.mp4",
                "text": "Test Clip",
                "views": 0,
                "shares": 0,
                "createdAt": "2025-08-02T10:58:43.051Z",
                "updatedAt": "2025-08-02T10:58:43.051Z",
                "user": {
                    "userId": "688da64ec5ad9efe521bd2b6",
                    "username": "user1234",
                    "profilePic": null
                },
                "_count": {
                    "likes": 0,
                    "comments": 0
                },
                "likes": [],
                "savedBy": []
            },
            {
                "id": "688de4f0c5ad9efe521bd2ba",
                "userId": "688da64ec5ad9efe521bd2b6",
                "visibility": "Public",
                "video": "https://ik.imagekit.io/abbsumfdi/uploads/Screencast_from_2025-03-03_12-04-44_9K8P2AACc.mp4",
                "text": "Test Clip",
                "views": 0,
                "shares": 0,
                "createdAt": "2025-08-02T10:14:08.880Z",
                "updatedAt": "2025-08-02T10:14:08.880Z",
                "user": {
                    "userId": "688da64ec5ad9efe521bd2b6",
                    "username": "user1234",
                    "profilePic": null
                },
                "_count": {
                    "likes": 0,
                    "comments": 0
                },
                "likes": [],
                "savedBy": []
            },
            {
                "id": "688de4b2c5ad9efe521bd2b9",
                "userId": "688da64ec5ad9efe521bd2b6",
                "visibility": "Public",
                "video": "https://ik.imagekit.io/abbsumfdi/uploads/Screencast_from_2025-03-03_12-04-44_9K8P2AACc.mp4",
                "text": "Test Clip",
                "views": 0,
                "shares": 0,
                "createdAt": "2025-08-02T10:13:06.812Z",
                "updatedAt": "2025-08-02T10:13:06.812Z",
                "user": {
                    "userId": "688da64ec5ad9efe521bd2b6",
                    "username": "user1234",
                    "profilePic": null
                },
                "_count": {
                    "likes": 0,
                    "comments": 0
                },
                "likes": [],
                "savedBy": []
            },
            {
                "id": "688ddfaec5ad9efe521bd2b8",
                "userId": "688da64ec5ad9efe521bd2b6",
                "visibility": "Public",
                "video": "https://ik.imagekit.io/abbsumfdi/uploads/Screencast_from_2025-03-03_12-04-44_9K8P2AACc.mp4",
                "text": "Test Clip",
                "views": 0,
                "shares": 0,
                "createdAt": "2025-08-02T09:51:42.805Z",
                "updatedAt": "2025-08-02T09:51:42.805Z",
                "user": {
                    "userId": "688da64ec5ad9efe521bd2b6",
                    "username": "user1234",
                    "profilePic": null
                },
                "_count": {
                    "likes": 0,
                    "comments": 0
                },
                "likes": [],
                "savedBy": []
            },
            {
                "id": "68516b61c5ad9efe521bd2af",
                "userId": "683d40a9c5ad9efe521bd2a7",
                "visibility": "Public",
                "video": "https://ik.imagekit.io/abbsumfdi/uploads/Screencast_from_2025-03-03_12-04-44_9K8P2AACc.mp4",
                "text": "Test Clip",
                "views": 0,
                "shares": 0,
                "createdAt": "2025-06-17T13:19:29.994Z",
                "updatedAt": "2025-06-17T13:19:29.994Z",
                "user": {
                    "userId": "683d40a9c5ad9efe521bd2a7",
                    "username": "user2354",
                    "profilePic": null
                },
                "_count": {
                    "likes": 0,
                    "comments": 0
                },
                "likes": [],
                "savedBy": []
            }
        ]
    }
}
{
    "level": "INFO",
    "message": "RATE_LIMITER_INITIATED",
    "timestamp": "2025-08-25T11:34:46.702Z",
    "meta": {}
}
{
    "level": "INFO",
    "message": "APPLICATION_STARTED",
    "timestamp": "2025-08-25T11:34:46.704Z",
    "meta": {
        "PORT": "5000",
        "SERVER_URL": "http://localhost:5000"
    }
}
{
    "level": "INFO",
    "message": "RATE_LIMITER_INITIATED",
    "timestamp": "2025-08-27T16:36:46.056Z",
    "meta": {}
}
{
    "level": "INFO",
    "message": "APPLICATION_STARTED",
    "timestamp": "2025-08-27T16:36:46.057Z",
    "meta": {
        "PORT": "5000",
        "SERVER_URL": "http://localhost:5000"
    }
}
{
    "level": "INFO",
    "message": "RATE_LIMITER_INITIATED",
    "timestamp": "2025-08-27T16:37:05.979Z",
    "meta": {}
}
{
    "level": "INFO",
    "message": "APPLICATION_STARTED",
    "timestamp": "2025-08-27T16:37:05.980Z",
    "meta": {
        "PORT": "5000",
        "SERVER_URL": "http://localhost:5000"
    }
}
{
    "level": "INFO",
    "message": "RATE_LIMITER_INITIATED",
    "timestamp": "2025-08-27T16:38:24.991Z",
    "meta": {}
}
{
    "level": "INFO",
    "message": "APPLICATION_STARTED",
    "timestamp": "2025-08-27T16:38:24.993Z",
    "meta": {
        "PORT": "5000",
        "SERVER_URL": "http://localhost:5000"
    }
}
{
    "level": "INFO",
    "message": "CONTROLLER_RESPONSE",
    "timestamp": "2025-08-27T16:39:07.473Z",
    "meta": {
        "success": true,
        "statusCode": 200,
        "request": {
            "ip": "::1",
            "method": "GET",
            "url": "/v1/feed/postFeeds/1"
        },
        "message": "The operation has been successful",
        "data": [
            {
                "id": "68a31979d455c16db5e382d1",
                "userId": "682f3b08c5ad9efe521bd2a5",
                "text": "hellocheck",
                "visibility": "Public",
                "views": 5,
                "shares": 0,
                "createdAt": "2025-08-18T12:15:53.415Z",
                "updatedAt": "2025-08-25T14:39:26.531Z",
                "media": [
                    {
                        "url": "https://ik.imagekit.io/3b5vdaqok0/uploads/1000069807_v4jYUV5VR.jpg",
                        "type": "Image"
                    },
                    {
                        "url": "https://ik.imagekit.io/3b5vdaqok0/uploads/1000069797_ZRCTSiseL.jpg",
                        "type": "Image"
                    }
                ],
                "user": {
                    "userId": "682f3b08c5ad9efe521bd2a5",
                    "username": "Harsh",
                    "profilePic": "https://example.com/profile-pic.jpg"
                },
                "_count": {
                    "likes": 0,
                    "comments": 0
                },
                "likes": [],
                "savedBy": []
            },
            {
                "id": "68516d4cc5ad9efe521bd2b0",
                "userId": "682f3b08c5ad9efe521bd2a5",
                "text": "hellocheck2",
                "visibility": "Public",
                "views": 2,
                "shares": 0,
                "createdAt": "2025-06-17T13:27:40.923Z",
                "updatedAt": "2025-08-25T14:00:53.246Z",
                "media": [
                    {
                        "url": "https://ik.imagekit.io/abbsumfdi/uploads/Screenshot_from_2025-04-02_19-00-59_UeKXkPG4N.png",
                        "type": "Image"
                    }
                ],
                "user": {
                    "userId": "682f3b08c5ad9efe521bd2a5",
                    "username": "Harsh",
                    "profilePic": "https://example.com/profile-pic.jpg"
                },
                "_count": {
                    "likes": 0,
                    "comments": 0
                },
                "likes": [],
                "savedBy": []
            },
            {
                "id": "68516b38c5ad9efe521bd2ad",
                "userId": "683d40a9c5ad9efe521bd2a7",
                "text": "hellocheck2",
                "visibility": "Public",
                "views": 3,
                "shares": 0,
                "createdAt": "2025-06-17T13:18:48.381Z",
                "updatedAt": "2025-08-25T14:34:16.293Z",
                "media": [
                    {
                        "url": "https://ik.imagekit.io/abbsumfdi/uploads/Screenshot_from_2025-04-02_19-00-59_UeKXkPG4N.png",
                        "type": "Image"
                    }
                ],
                "user": {
                    "userId": "683d40a9c5ad9efe521bd2a7",
                    "username": "user2354",
                    "profilePic": null
                },
                "_count": {
                    "likes": 1,
                    "comments": 0
                },
                "likes": [],
                "savedBy": [
                    {
                        "id": "68aedb99645b5593210dbb2a",
                        "userId": "688e40a7c5ad9efe521bd2c0",
                        "postId": "68516b38c5ad9efe521bd2ad",
                        "clipId": null,
                        "createdAt": "2025-08-27T10:19:05.971Z"
                    }
                ]
            },
            {
                "id": "68a48772d455c16db5e382d8",
                "userId": "682f3b08c5ad9efe521bd2a5",
                "text": "hellocheck",
                "visibility": "Public",
                "views": 4,
                "shares": 0,
                "createdAt": "2025-08-19T14:17:22.063Z",
                "updatedAt": "2025-08-25T14:38:52.034Z",
                "media": [
                    {
                        "url": "https://ik.imagekit.io/3b5vdaqok0/uploads/upload_1755612900143_mdptloSUa.jpg",
                        "type": "Image"
                    }
                ],
                "user": {
                    "userId": "682f3b08c5ad9efe521bd2a5",
                    "username": "Harsh",
                    "profilePic": "https://example.com/profile-pic.jpg"
                },
                "_count": {
                    "likes": 1,
                    "comments": 0
                },
                "likes": [],
                "savedBy": []
            },
            {
                "id": "68a37e09d455c16db5e382d5",
                "userId": "682f3b08c5ad9efe521bd2a5",
                "text": "hellocheck",
                "visibility": "Public",
                "views": 2,
                "shares": 0,
                "createdAt": "2025-08-18T19:24:57.201Z",
                "updatedAt": "2025-08-25T13:59:03.038Z",
                "media": [],
                "user": {
                    "userId": "682f3b08c5ad9efe521bd2a5",
                    "username": "Harsh",
                    "profilePic": "https://example.com/profile-pic.jpg"
                },
                "_count": {
                    "likes": 0,
                    "comments": 0
                },
                "likes": [],
                "savedBy": []
            },
            {
                "id": "68a067e3c1cf6d4b5f43512c",
                "userId": "682f3b08c5ad9efe521bd2a5",
                "text": "hellocheck",
                "visibility": "Public",
                "views": 3,
                "shares": 0,
                "createdAt": "2025-08-16T11:13:39.519Z",
                "updatedAt": "2025-08-25T14:39:26.532Z",
                "media": [
                    {
                        "url": "https://ik.imagekit.io/abbsumfdi/uploads/Screenshot_from_2025-04-02_19-00-59_UeKXkPG4N.png",
                        "type": "Image"
                    }
                ],
                "user": {
                    "userId": "682f3b08c5ad9efe521bd2a5",
                    "username": "Harsh",
                    "profilePic": "https://example.com/profile-pic.jpg"
                },
                "_count": {
                    "likes": 1,
                    "comments": 0
                },
                "likes": [
                    {
                        "id": "68ab6d7e68fd1910940ad705",
                        "postId": "68a067e3c1cf6d4b5f43512c",
                        "clipId": null,
                        "commentId": null,
                        "likedById": "688e40a7c5ad9efe521bd2c0",
                        "createdAt": "2025-08-24T19:52:30.626Z"
                    }
                ],
                "savedBy": []
            },
            {
                "id": "68a4bf0dd455c16db5e382e7",
                "userId": "682f3b08c5ad9efe521bd2a5",
                "text": "hellocheck",
                "visibility": "Public",
                "views": 4,
                "shares": 0,
                "createdAt": "2025-08-19T18:14:37.456Z",
                "updatedAt": "2025-08-25T14:38:52.035Z",
                "media": [
                    {
                        "url": "https://ik.imagekit.io/3b5vdaqok0/uploads/1000069807_v8wEM7TSw.jpg",
                        "type": "Image"
                    }
                ],
                "user": {
                    "userId": "682f3b08c5ad9efe521bd2a5",
                    "username": "Harsh",
                    "profilePic": "https://example.com/profile-pic.jpg"
                },
                "_count": {
                    "likes": 1,
                    "comments": 0
                },
                "likes": [],
                "savedBy": []
            },
            {
                "id": "68a33039d455c16db5e382d4",
                "userId": "682f3b08c5ad9efe521bd2a5",
                "text": "hellocheck",
                "visibility": "Public",
                "views": 2,
                "shares": 0,
                "createdAt": "2025-08-18T13:52:57.396Z",
                "updatedAt": "2025-08-25T13:59:03.879Z",
                "media": [],
                "user": {
                    "userId": "682f3b08c5ad9efe521bd2a5",
                    "username": "Harsh",
                    "profilePic": "https://example.com/profile-pic.jpg"
                },
                "_count": {
                    "likes": 1,
                    "comments": 0
                },
                "likes": [
                    {
                        "id": "68ab6d7e68fd1910940ad704",
                        "postId": "68a33039d455c16db5e382d4",
                        "clipId": null,
                        "commentId": null,
                        "likedById": "688e40a7c5ad9efe521bd2c0",
                        "createdAt": "2025-08-24T19:52:30.626Z"
                    }
                ],
                "savedBy": [
                    {
                        "id": "68af0e88645b5593210dbb2b",
                        "userId": "688e40a7c5ad9efe521bd2c0",
                        "postId": "68a33039d455c16db5e382d4",
                        "clipId": null,
                        "createdAt": "2025-08-27T13:56:24.948Z"
                    }
                ]
            },
            {
                "id": "68a0c0ad70d922e8950ac2a0",
                "userId": "682f3b08c5ad9efe521bd2a5",
                "text": "hellocheck",
                "visibility": "Public",
                "views": 3,
                "shares": 0,
                "createdAt": "2025-08-16T17:32:29.815Z",
                "updatedAt": "2025-08-25T14:34:16.283Z",
                "media": [],
                "user": {
                    "userId": "682f3b08c5ad9efe521bd2a5",
                    "username": "Harsh",
                    "profilePic": "https://example.com/profile-pic.jpg"
                },
                "_count": {
                    "likes": 1,
                    "comments": 0
                },
                "likes": [
                    {
                        "id": "68ac1e3f68fd1910940ad712",
                        "postId": "68a0c0ad70d922e8950ac2a0",
                        "clipId": null,
                        "commentId": null,
                        "likedById": "688e40a7c5ad9efe521bd2c0",
                        "createdAt": "2025-08-25T08:26:39.554Z"
                    }
                ],
                "savedBy": [
                    {
                        "id": "68ac746e645b5593210dbb25",
                        "userId": "688e40a7c5ad9efe521bd2c0",
                        "postId": "68a0c0ad70d922e8950ac2a0",
                        "clipId": null,
                        "createdAt": "2025-08-25T14:34:22.161Z"
                    }
                ]
            },
            {
                "id": "68a485ebd455c16db5e382d7",
                "userId": "682f3b08c5ad9efe521bd2a5",
                "text": "hellocheck",
                "visibility": "Public",
                "views": 2,
                "shares": 0,
                "createdAt": "2025-08-19T14:10:51.607Z",
                "updatedAt": "2025-08-25T14:12:21.334Z",
                "media": [],
                "user": {
                    "userId": "682f3b08c5ad9efe521bd2a5",
                    "username": "Harsh",
                    "profilePic": "https://example.com/profile-pic.jpg"
                },
                "_count": {
                    "likes": 0,
                    "comments": 0
                },
                "likes": [],
                "savedBy": []
            },
            {
                "id": "688e18b0c5ad9efe521bd2be",
                "userId": "688da64ec5ad9efe521bd2b6",
                "text": "hellocheck",
                "visibility": "Public",
                "views": 3,
                "shares": 0,
                "createdAt": "2025-08-02T13:54:56.084Z",
                "updatedAt": "2025-08-25T13:59:02.437Z",
                "media": [
                    {
                        "url": "https://ik.imagekit.io/abbsumfdi/uploads/Screenshot_from_2025-04-02_19-00-59_UeKXkPG4N.png",
                        "type": "Image"
                    }
                ],
                "user": {
                    "userId": "688da64ec5ad9efe521bd2b6",
                    "username": "user1234",
                    "profilePic": null
                },
                "_count": {
                    "likes": 0,
                    "comments": 0
                },
                "likes": [],
                "savedBy": []
            },
            {
                "id": "68a0b49ec1cf6d4b5f435134",
                "userId": "682f3b08c5ad9efe521bd2a5",
                "text": "hellocheck",
                "visibility": "Public",
                "views": 2,
                "shares": 0,
                "createdAt": "2025-08-16T16:41:02.489Z",
                "updatedAt": "2025-08-25T13:58:52.810Z",
                "media": [
                    {
                        "url": "https://ik.imagekit.io/abbsumfdi/uploads/Screenshot_from_2025-04-02_19-00-59_UeKXkPG4N.png",
                        "type": "Image"
                    }
                ],
                "user": {
                    "userId": "682f3b08c5ad9efe521bd2a5",
                    "username": "Harsh",
                    "profilePic": "https://example.com/profile-pic.jpg"
                },
                "_count": {
                    "likes": 1,
                    "comments": 0
                },
                "likes": [
                    {
                        "id": "68ab6d7e68fd1910940ad707",
                        "postId": "68a0b49ec1cf6d4b5f435134",
                        "clipId": null,
                        "commentId": null,
                        "likedById": "688e40a7c5ad9efe521bd2c0",
                        "createdAt": "2025-08-24T19:52:30.626Z"
                    }
                ],
                "savedBy": []
            }
        ]
    }
}
{
    "level": "INFO",
    "message": "RATE_LIMITER_INITIATED",
    "timestamp": "2025-08-27T16:39:46.597Z",
    "meta": {}
}
{
    "level": "INFO",
    "message": "APPLICATION_STARTED",
    "timestamp": "2025-08-27T16:39:46.599Z",
    "meta": {
        "PORT": "5000",
        "SERVER_URL": "http://localhost:5000"
    }
}
{
    "level": "INFO",
    "message": "RATE_LIMITER_INITIATED",
    "timestamp": "2025-08-27T16:40:09.524Z",
    "meta": {}
}
{
    "level": "INFO",
    "message": "APPLICATION_STARTED",
    "timestamp": "2025-08-27T16:40:09.526Z",
    "meta": {
        "PORT": "5000",
        "SERVER_URL": "http://localhost:5000"
    }
}
{
    "level": "INFO",
    "message": "CONTROLLER_RESPONSE",
    "timestamp": "2025-08-27T16:40:29.448Z",
    "meta": {
        "success": true,
        "statusCode": 200,
        "request": {
            "ip": "::1",
            "method": "POST",
            "url": "/v1/like/toggle"
        },
        "message": "You have liked the post.",
        "data": null
    }
}
{
    "level": "INFO",
    "message": "CONTROLLER_RESPONSE",
    "timestamp": "2025-08-27T16:40:43.775Z",
    "meta": {
        "success": true,
        "statusCode": 200,
        "request": {
            "ip": "::1",
            "method": "GET",
            "url": "/v1/feed/postFeeds/1"
        },
        "message": "The operation has been successful",
        "data": [
            {
                "id": "68a48772d455c16db5e382d8",
                "userId": "682f3b08c5ad9efe521bd2a5",
                "text": "hellocheck",
                "visibility": "Public",
                "views": 4,
                "shares": 0,
                "createdAt": "2025-08-19T14:17:22.063Z",
                "updatedAt": "2025-08-25T14:38:52.034Z",
                "media": [
                    {
                        "url": "https://ik.imagekit.io/3b5vdaqok0/uploads/upload_1755612900143_mdptloSUa.jpg",
                        "type": "Image"
                    }
                ],
                "user": {
                    "userId": "682f3b08c5ad9efe521bd2a5",
                    "username": "Harsh",
                    "profilePic": "https://example.com/profile-pic.jpg"
                },
                "_count": {
                    "likes": 1,
                    "comments": 0
                },
                "likes": [],
                "savedBy": []
            },
            {
                "id": "68a0b49ec1cf6d4b5f435134",
                "userId": "682f3b08c5ad9efe521bd2a5",
                "text": "hellocheck",
                "visibility": "Public",
                "views": 2,
                "shares": 0,
                "createdAt": "2025-08-16T16:41:02.489Z",
                "updatedAt": "2025-08-25T13:58:52.810Z",
                "media": [
                    {
                        "url": "https://ik.imagekit.io/abbsumfdi/uploads/Screenshot_from_2025-04-02_19-00-59_UeKXkPG4N.png",
                        "type": "Image"
                    }
                ],
                "user": {
                    "userId": "682f3b08c5ad9efe521bd2a5",
                    "username": "Harsh",
                    "profilePic": "https://example.com/profile-pic.jpg"
                },
                "_count": {
                    "likes": 1,
                    "comments": 0
                },
                "likes": [
                    {
                        "likedById": "688e40a7c5ad9efe521bd2c0"
                    }
                ],
                "savedBy": []
            },
            {
                "id": "68516b38c5ad9efe521bd2ad",
                "userId": "683d40a9c5ad9efe521bd2a7",
                "text": "hellocheck2",
                "visibility": "Public",
                "views": 3,
                "shares": 0,
                "createdAt": "2025-06-17T13:18:48.381Z",
                "updatedAt": "2025-08-25T14:34:16.293Z",
                "media": [
                    {
                        "url": "https://ik.imagekit.io/abbsumfdi/uploads/Screenshot_from_2025-04-02_19-00-59_UeKXkPG4N.png",
                        "type": "Image"
                    }
                ],
                "user": {
                    "userId": "683d40a9c5ad9efe521bd2a7",
                    "username": "user2354",
                    "profilePic": null
                },
                "_count": {
                    "likes": 1,
                    "comments": 0
                },
                "likes": [],
                "savedBy": [
                    {
                        "userId": "688e40a7c5ad9efe521bd2c0"
                    }
                ]
            },
            {
                "id": "68a067e3c1cf6d4b5f43512c",
                "userId": "682f3b08c5ad9efe521bd2a5",
                "text": "hellocheck",
                "visibility": "Public",
                "views": 3,
                "shares": 0,
                "createdAt": "2025-08-16T11:13:39.519Z",
                "updatedAt": "2025-08-25T14:39:26.532Z",
                "media": [
                    {
                        "url": "https://ik.imagekit.io/abbsumfdi/uploads/Screenshot_from_2025-04-02_19-00-59_UeKXkPG4N.png",
                        "type": "Image"
                    }
                ],
                "user": {
                    "userId": "682f3b08c5ad9efe521bd2a5",
                    "username": "Harsh",
                    "profilePic": "https://example.com/profile-pic.jpg"
                },
                "_count": {
                    "likes": 1,
                    "comments": 0
                },
                "likes": [
                    {
                        "likedById": "688e40a7c5ad9efe521bd2c0"
                    }
                ],
                "savedBy": []
            },
            {
                "id": "68a4bf0dd455c16db5e382e7",
                "userId": "682f3b08c5ad9efe521bd2a5",
                "text": "hellocheck",
                "visibility": "Public",
                "views": 4,
                "shares": 0,
                "createdAt": "2025-08-19T18:14:37.456Z",
                "updatedAt": "2025-08-25T14:38:52.035Z",
                "media": [
                    {
                        "url": "https://ik.imagekit.io/3b5vdaqok0/uploads/1000069807_v8wEM7TSw.jpg",
                        "type": "Image"
                    }
                ],
                "user": {
                    "userId": "682f3b08c5ad9efe521bd2a5",
                    "username": "Harsh",
                    "profilePic": "https://example.com/profile-pic.jpg"
                },
                "_count": {
                    "likes": 1,
                    "comments": 0
                },
                "likes": [],
                "savedBy": []
            },
            {
                "id": "68a485ebd455c16db5e382d7",
                "userId": "682f3b08c5ad9efe521bd2a5",
                "text": "hellocheck",
                "visibility": "Public",
                "views": 2,
                "shares": 0,
                "createdAt": "2025-08-19T14:10:51.607Z",
                "updatedAt": "2025-08-25T14:12:21.334Z",
                "media": [],
                "user": {
                    "userId": "682f3b08c5ad9efe521bd2a5",
                    "username": "Harsh",
                    "profilePic": "https://example.com/profile-pic.jpg"
                },
                "_count": {
                    "likes": 0,
                    "comments": 0
                },
                "likes": [],
                "savedBy": []
            },
            {
                "id": "68a37e09d455c16db5e382d5",
                "userId": "682f3b08c5ad9efe521bd2a5",
                "text": "hellocheck",
                "visibility": "Public",
                "views": 2,
                "shares": 0,
                "createdAt": "2025-08-18T19:24:57.201Z",
                "updatedAt": "2025-08-25T13:59:03.038Z",
                "media": [],
                "user": {
                    "userId": "682f3b08c5ad9efe521bd2a5",
                    "username": "Harsh",
                    "profilePic": "https://example.com/profile-pic.jpg"
                },
                "_count": {
                    "likes": 0,
                    "comments": 0
                },
                "likes": [],
                "savedBy": []
            },
            {
                "id": "68a31979d455c16db5e382d1",
                "userId": "682f3b08c5ad9efe521bd2a5",
                "text": "hellocheck",
                "visibility": "Public",
                "views": 5,
                "shares": 0,
                "createdAt": "2025-08-18T12:15:53.415Z",
                "updatedAt": "2025-08-25T14:39:26.531Z",
                "media": [
                    {
                        "url": "https://ik.imagekit.io/3b5vdaqok0/uploads/1000069807_v4jYUV5VR.jpg",
                        "type": "Image"
                    },
                    {
                        "url": "https://ik.imagekit.io/3b5vdaqok0/uploads/1000069797_ZRCTSiseL.jpg",
                        "type": "Image"
                    }
                ],
                "user": {
                    "userId": "682f3b08c5ad9efe521bd2a5",
                    "username": "Harsh",
                    "profilePic": "https://example.com/profile-pic.jpg"
                },
                "_count": {
                    "likes": 1,
                    "comments": 0
                },
                "likes": [
                    {
                        "likedById": "688e40a7c5ad9efe521bd2c0"
                    }
                ],
                "savedBy": []
            },
            {
                "id": "68516d4cc5ad9efe521bd2b0",
                "userId": "682f3b08c5ad9efe521bd2a5",
                "text": "hellocheck2",
                "visibility": "Public",
                "views": 2,
                "shares": 0,
                "createdAt": "2025-06-17T13:27:40.923Z",
                "updatedAt": "2025-08-25T14:00:53.246Z",
                "media": [
                    {
                        "url": "https://ik.imagekit.io/abbsumfdi/uploads/Screenshot_from_2025-04-02_19-00-59_UeKXkPG4N.png",
                        "type": "Image"
                    }
                ],
                "user": {
                    "userId": "682f3b08c5ad9efe521bd2a5",
                    "username": "Harsh",
                    "profilePic": "https://example.com/profile-pic.jpg"
                },
                "_count": {
                    "likes": 0,
                    "comments": 0
                },
                "likes": [],
                "savedBy": []
            },
            {
                "id": "68a33039d455c16db5e382d4",
                "userId": "682f3b08c5ad9efe521bd2a5",
                "text": "hellocheck",
                "visibility": "Public",
                "views": 2,
                "shares": 0,
                "createdAt": "2025-08-18T13:52:57.396Z",
                "updatedAt": "2025-08-25T13:59:03.879Z",
                "media": [],
                "user": {
                    "userId": "682f3b08c5ad9efe521bd2a5",
                    "username": "Harsh",
                    "profilePic": "https://example.com/profile-pic.jpg"
                },
                "_count": {
                    "likes": 1,
                    "comments": 0
                },
                "likes": [
                    {
                        "likedById": "688e40a7c5ad9efe521bd2c0"
                    }
                ],
                "savedBy": [
                    {
                        "userId": "688e40a7c5ad9efe521bd2c0"
                    }
                ]
            },
            {
                "id": "68a0c0ad70d922e8950ac2a0",
                "userId": "682f3b08c5ad9efe521bd2a5",
                "text": "hellocheck",
                "visibility": "Public",
                "views": 3,
                "shares": 0,
                "createdAt": "2025-08-16T17:32:29.815Z",
                "updatedAt": "2025-08-25T14:34:16.283Z",
                "media": [],
                "user": {
                    "userId": "682f3b08c5ad9efe521bd2a5",
                    "username": "Harsh",
                    "profilePic": "https://example.com/profile-pic.jpg"
                },
                "_count": {
                    "likes": 1,
                    "comments": 0
                },
                "likes": [
                    {
                        "likedById": "688e40a7c5ad9efe521bd2c0"
                    }
                ],
                "savedBy": [
                    {
                        "userId": "688e40a7c5ad9efe521bd2c0"
                    }
                ]
            },
            {
                "id": "688e18b0c5ad9efe521bd2be",
                "userId": "688da64ec5ad9efe521bd2b6",
                "text": "hellocheck",
                "visibility": "Public",
                "views": 3,
                "shares": 0,
                "createdAt": "2025-08-02T13:54:56.084Z",
                "updatedAt": "2025-08-25T13:59:02.437Z",
                "media": [
                    {
                        "url": "https://ik.imagekit.io/abbsumfdi/uploads/Screenshot_from_2025-04-02_19-00-59_UeKXkPG4N.png",
                        "type": "Image"
                    }
                ],
                "user": {
                    "userId": "688da64ec5ad9efe521bd2b6",
                    "username": "user1234",
                    "profilePic": null
                },
                "_count": {
                    "likes": 0,
                    "comments": 0
                },
                "likes": [],
                "savedBy": []
            }
        ]
    }
}
